<?xml version="1.0" encoding="UTF-8"?><testrun name="WzorDwumianowyTest" project="PracowniaJava" tests="14" started="14" failures="1" errors="0" ignored="0">
  <testsuite name="com.pracownia2.WzorDwumianowyTest" time="0.018">
    <testcase name="wyrzucaWyjatekGdyBrakLewegoIdentyfikatora" classname="com.pracownia2.WzorDwumianowyTest" time="0.004"/>
    <testcase name="zwracaRozwienietaPotegePiatkiZOperatoremOdejmowania" classname="com.pracownia2.WzorDwumianowyTest" time="0.003"/>
    <testcase name="zwracaRozwienietaPotegePiatki" classname="com.pracownia2.WzorDwumianowyTest" time="0.001"/>
    <testcase name="wyrzucaWyjatekGdyPotegaJestWiekszaOdMaxa" classname="com.pracownia2.WzorDwumianowyTest" time="0.007">
      <failure>java.lang.AssertionError: Expected test to throw an instance of java.lang.IllegalArgumentException
	at org.junit.Assert.fail(Assert.java:88)
	at org.junit.rules.ExpectedException.failDueToMissingException(ExpectedException.java:184)
	at org.junit.rules.ExpectedException.access$100(ExpectedException.java:85)
	at org.junit.rules.ExpectedException$ExpectedExceptionStatement.evaluate(ExpectedException.java:170)
	at org.junit.rules.RunRules.evaluate(RunRules.java:20)
	at org.junit.runners.ParentRunner.runLeaf(ParentRunner.java:271)
	at org.junit.runners.BlockJUnit4ClassRunner.runChild(BlockJUnit4ClassRunner.java:70)
	at org.junit.runners.BlockJUnit4ClassRunner.runChild(BlockJUnit4ClassRunner.java:50)
	at org.junit.runners.ParentRunner$3.run(ParentRunner.java:238)
	at org.junit.runners.ParentRunner$1.schedule(ParentRunner.java:63)
	at org.junit.runners.ParentRunner.runChildren(ParentRunner.java:236)
	at org.junit.runners.ParentRunner.access$000(ParentRunner.java:53)
	at org.junit.runners.ParentRunner$2.evaluate(ParentRunner.java:229)
	at org.junit.runners.ParentRunner.run(ParentRunner.java:309)
	at org.eclipse.jdt.internal.junit4.runner.JUnit4TestReference.run(JUnit4TestReference.java:50)
	at org.eclipse.jdt.internal.junit.runner.TestExecution.run(TestExecution.java:38)
	at org.eclipse.jdt.internal.junit.runner.RemoteTestRunner.runTests(RemoteTestRunner.java:459)
	at org.eclipse.jdt.internal.junit.runner.RemoteTestRunner.runTests(RemoteTestRunner.java:675)
	at org.eclipse.jdt.internal.junit.runner.RemoteTestRunner.run(RemoteTestRunner.java:382)
	at org.eclipse.jdt.internal.junit.runner.RemoteTestRunner.main(RemoteTestRunner.java:192)

</failure>
    </testcase>
    <testcase name="zwracaSumeDlaJednostkowejPotegi" classname="com.pracownia2.WzorDwumianowyTest" time="0.0"/>
    <testcase name="usuwaZbedneBialeZnaki" classname="com.pracownia2.WzorDwumianowyTest" time="0.0"/>
    <testcase name="wyrzucaWyjatekGdyBrakPrawegoIdentyfikatora" classname="com.pracownia2.WzorDwumianowyTest" time="0.0"/>
    <testcase name="zwracaRozwienietaPotegeTrzydziestkiZOperatoremOdejmowania" classname="com.pracownia2.WzorDwumianowyTest" time="0.002"/>
    <testcase name="wyrzucaWyjatekGdyLewyOperatorJestUjemny" classname="com.pracownia2.WzorDwumianowyTest" time="0.0"/>
    <testcase name="wyrzucaWyjatekGdyBrakDozwolonegoOperatoraAPotegaJestZero" classname="com.pracownia2.WzorDwumianowyTest" time="0.0"/>
    <testcase name="wyrzucaWyjatekGdyPotegaJestMniejszaOdZera" classname="com.pracownia2.WzorDwumianowyTest" time="0.0"/>
    <testcase name="zwracaJedenGdyPotegaJestZerowa" classname="com.pracownia2.WzorDwumianowyTest" time="0.001"/>
    <testcase name="wyrzucaWyjatekGdyBrakDozwolonegoOperatora" classname="com.pracownia2.WzorDwumianowyTest" time="0.0"/>
    <testcase name="zwracaRozniceGdyDrugiIdentyfikatorJestUjemny" classname="com.pracownia2.WzorDwumianowyTest" time="0.0"/>
  </testsuite>
</testrun>
