<?xml version="1.0" encoding="UTF-8"?><testrun name="WyrazenieTest" project="PracowniaJava" tests="22" started="22" failures="0" errors="1" ignored="0">
  <testsuite name="com.pracownia3.Tests.WyrazenieTest" time="0.007">
    <testcase name="PoprawnieWybieraneJestMinimumZeStalejIZmiennej" classname="com.pracownia3.Tests.WyrazenieTest" time="0.001"/>
    <testcase name="PoprawnieObliczanaJestSumaStalejIZmiennej" classname="com.pracownia3.Tests.WyrazenieTest" time="0.0"/>
    <testcase name="PoprawnieUstalanaJestRelacjaWiekszosciZeStalejIZmiennej" classname="com.pracownia3.Tests.WyrazenieTest" time="0.0"/>
    <testcase name="PoprawnieObliczanyJestMinusStalej" classname="com.pracownia3.Tests.WyrazenieTest" time="0.0"/>
    <testcase name="PoprawnieUstalanaJestRelacjaMniejszosciZeStalejIZmiennej" classname="com.pracownia3.Tests.WyrazenieTest" time="0.0"/>
    <testcase name="PoprawnieObliczanyJestMinusZmiennej" classname="com.pracownia3.Tests.WyrazenieTest" time="0.0"/>
    <testcase name="PoprawnieObliczanyJestLogarytmDlaZmiennej" classname="com.pracownia3.Tests.WyrazenieTest" time="0.0"/>
    <testcase name="PoprawnieObliczanyJestArctanZmiennej" classname="com.pracownia3.Tests.WyrazenieTest" time="0.001"/>
    <testcase name="PoprawnieObliczanaJestRoznicaStalejIZmiennej" classname="com.pracownia3.Tests.WyrazenieTest" time="0.0"/>
    <testcase name="PoprawnieObliczanaJestFunPotegaStalejIZmiennej" classname="com.pracownia3.Tests.WyrazenieTest" time="0.0"/>
    <testcase name="PoprawnieObliczanaJestFunWykladniczaStalejIZmiennej" classname="com.pracownia3.Tests.WyrazenieTest" time="0.0"/>
    <testcase name="PoprawnieObliczanyJestIloczynStalejIZmiennej" classname="com.pracownia3.Tests.WyrazenieTest" time="0.0"/>
    <testcase name="ZmiennaJestPoprawnieZwracana" classname="com.pracownia3.Tests.WyrazenieTest" time="0.001"/>
    <testcase name="PoprawnieObliczanaJestWartBezezglStalej" classname="com.pracownia3.Tests.WyrazenieTest" time="0.0"/>
    <testcase name="PoprawnieObliczanyJestIlorazStalejIZmiennej" classname="com.pracownia3.Tests.WyrazenieTest" time="0.0"/>
    <testcase name="StalaJestPoprawnieZwracana" classname="com.pracownia3.Tests.WyrazenieTest" time="0.001"/>
    <testcase name="PoprawnieWylizaneSaPrzykladyZListyZadan" classname="com.pracownia3.Tests.WyrazenieTest" time="0.002">
      <error>java.lang.IllegalArgumentException: Klucz x istnieje!
	at com.pracownia3.Zbior.wstaw(Zbior.java:11)
	at com.pracownia3.Zmienna.&lt;init&gt;(Zmienna.java:6)
	at com.pracownia3.Tests.WyrazenieTest.wygenerujPrzyklady(WyrazenieTest.java:237)
	at com.pracownia3.Tests.WyrazenieTest.PoprawnieWylizaneSaPrzykladyZListyZadan(WyrazenieTest.java:209)
	at sun.reflect.NativeMethodAccessorImpl.invoke0(Native Method)
	at sun.reflect.NativeMethodAccessorImpl.invoke(NativeMethodAccessorImpl.java:57)
	at sun.reflect.DelegatingMethodAccessorImpl.invoke(DelegatingMethodAccessorImpl.java:43)
	at java.lang.reflect.Method.invoke(Method.java:606)
	at org.junit.runners.model.FrameworkMethod$1.runReflectiveCall(FrameworkMethod.java:47)
	at org.junit.internal.runners.model.ReflectiveCallable.run(ReflectiveCallable.java:12)
	at org.junit.runners.model.FrameworkMethod.invokeExplosively(FrameworkMethod.java:44)
	at org.junit.internal.runners.statements.InvokeMethod.evaluate(InvokeMethod.java:17)
	at org.junit.runners.ParentRunner.runLeaf(ParentRunner.java:271)
	at org.junit.runners.BlockJUnit4ClassRunner.runChild(BlockJUnit4ClassRunner.java:70)
	at org.junit.runners.BlockJUnit4ClassRunner.runChild(BlockJUnit4ClassRunner.java:50)
	at org.junit.runners.ParentRunner$3.run(ParentRunner.java:238)
	at org.junit.runners.ParentRunner$1.schedule(ParentRunner.java:63)
	at org.junit.runners.ParentRunner.runChildren(ParentRunner.java:236)
	at org.junit.runners.ParentRunner.access$000(ParentRunner.java:53)
	at org.junit.runners.ParentRunner$2.evaluate(ParentRunner.java:229)
	at org.junit.runners.ParentRunner.run(ParentRunner.java:309)
	at org.eclipse.jdt.internal.junit4.runner.JUnit4TestReference.run(JUnit4TestReference.java:50)
	at org.eclipse.jdt.internal.junit.runner.TestExecution.run(TestExecution.java:38)
	at org.eclipse.jdt.internal.junit.runner.RemoteTestRunner.runTests(RemoteTestRunner.java:459)
	at org.eclipse.jdt.internal.junit.runner.RemoteTestRunner.runTests(RemoteTestRunner.java:675)
	at org.eclipse.jdt.internal.junit.runner.RemoteTestRunner.run(RemoteTestRunner.java:382)
	at org.eclipse.jdt.internal.junit.runner.RemoteTestRunner.main(RemoteTestRunner.java:192)

</error>
    </testcase>
    <testcase name="PoprawnieObliczanyJestSinusZmiennej" classname="com.pracownia3.Tests.WyrazenieTest" time="0.0"/>
    <testcase name="PoprawnieObliczanaJestWartBezwzglDlaZmiennej" classname="com.pracownia3.Tests.WyrazenieTest" time="0.0"/>
    <testcase name="PoprawnieObliczanyJestCosinusZmiennej" classname="com.pracownia3.Tests.WyrazenieTest" time="0.0"/>
    <testcase name="PoprawnieObliczanaJestOdwrotnoscZmiennej" classname="com.pracownia3.Tests.WyrazenieTest" time="0.001"/>
    <testcase name="PoprawnieWybieraneJestMaximumZeStalejIZmiennej" classname="com.pracownia3.Tests.WyrazenieTest" time="0.0"/>
  </testsuite>
</testrun>
